<?xml version="1.0" encoding="UTF-8"?>
<testsuite name="com.db.awmd.challenge.TransferControllerTest" tests="1" skipped="0" failures="1" errors="0" timestamp="2021-04-25T11:42:12" hostname="NTS-PRIYASHROFF" time="0.072">
  <properties/>
  <testcase name="executeTransfer" classname="com.db.awmd.challenge.TransferControllerTest" time="0.072">
    <failure message="org.springframework.web.util.NestedServletException: Handler dispatch failed; nested exception is java.lang.NoClassDefFoundError: javax/activation/FileTypeMap" type="org.springframework.web.util.NestedServletException">org.springframework.web.util.NestedServletException: Handler dispatch failed; nested exception is java.lang.NoClassDefFoundError: javax/activation/FileTypeMap
	at org.springframework.web.servlet.DispatcherServlet.doDispatch(DispatcherServlet.java:982)
	at org.springframework.web.servlet.DispatcherServlet.doService(DispatcherServlet.java:901)
	at org.springframework.web.servlet.FrameworkServlet.processRequest(FrameworkServlet.java:970)
	at org.springframework.web.servlet.FrameworkServlet.doGet(FrameworkServlet.java:861)
	at javax.servlet.http.HttpServlet.service(HttpServlet.java:635)
	at org.springframework.web.servlet.FrameworkServlet.service(FrameworkServlet.java:846)
	at org.springframework.test.web.servlet.TestDispatcherServlet.service(TestDispatcherServlet.java:65)
	at javax.servlet.http.HttpServlet.service(HttpServlet.java:742)
	at org.springframework.mock.web.MockFilterChain$ServletFilterProxy.doFilter(MockFilterChain.java:167)
	at org.springframework.mock.web.MockFilterChain.doFilter(MockFilterChain.java:134)
	at org.springframework.test.web.servlet.MockMvc.perform(MockMvc.java:155)
	at com.db.awmd.challenge.TransferControllerTest.executeTransfer(TransferControllerTest.java:59)
	at java.base/jdk.internal.reflect.NativeMethodAccessorImpl.invoke0(Native Method)
	at java.base/jdk.internal.reflect.NativeMethodAccessorImpl.invoke(NativeMethodAccessorImpl.java:62)
	at java.base/jdk.internal.reflect.DelegatingMethodAccessorImpl.invoke(DelegatingMethodAccessorImpl.java:43)
	at java.base/java.lang.reflect.Method.invoke(Method.java:566)
	at org.junit.runners.model.FrameworkMethod$1.runReflectiveCall(FrameworkMethod.java:50)
	at org.junit.internal.runners.model.ReflectiveCallable.run(ReflectiveCallable.java:12)
	at org.junit.runners.model.FrameworkMethod.invokeExplosively(FrameworkMethod.java:47)
	at org.junit.internal.runners.statements.InvokeMethod.evaluate(InvokeMethod.java:17)
	at org.junit.internal.runners.statements.RunBefores.evaluate(RunBefores.java:26)
	at org.springframework.test.context.junit4.statements.RunBeforeTestMethodCallbacks.evaluate(RunBeforeTestMethodCallbacks.java:75)
	at org.springframework.test.context.junit4.statements.RunAfterTestMethodCallbacks.evaluate(RunAfterTestMethodCallbacks.java:86)
	at org.springframework.test.context.junit4.statements.SpringRepeat.evaluate(SpringRepeat.java:84)
	at org.junit.runners.ParentRunner.runLeaf(ParentRunner.java:325)
	at org.springframework.test.context.junit4.SpringJUnit4ClassRunner.runChild(SpringJUnit4ClassRunner.java:252)
	at org.springframework.test.context.junit4.SpringJUnit4ClassRunner.runChild(SpringJUnit4ClassRunner.java:94)
	at org.junit.runners.ParentRunner$3.run(ParentRunner.java:290)
	at org.junit.runners.ParentRunner$1.schedule(ParentRunner.java:71)
	at org.junit.runners.ParentRunner.runChildren(ParentRunner.java:288)
	at org.junit.runners.ParentRunner.access$000(ParentRunner.java:58)
	at org.junit.runners.ParentRunner$2.evaluate(ParentRunner.java:268)
	at org.springframework.test.context.junit4.statements.RunBeforeTestClassCallbacks.evaluate(RunBeforeTestClassCallbacks.java:61)
	at org.springframework.test.context.junit4.statements.RunAfterTestClassCallbacks.evaluate(RunAfterTestClassCallbacks.java:70)
	at org.junit.runners.ParentRunner.run(ParentRunner.java:363)
	at org.springframework.test.context.junit4.SpringJUnit4ClassRunner.run(SpringJUnit4ClassRunner.java:191)
	at org.gradle.api.internal.tasks.testing.junit.JUnitTestClassExecutor.runTestClass(JUnitTestClassExecutor.java:110)
	at org.gradle.api.internal.tasks.testing.junit.JUnitTestClassExecutor.execute(JUnitTestClassExecutor.java:58)
	at org.gradle.api.internal.tasks.testing.junit.JUnitTestClassExecutor.execute(JUnitTestClassExecutor.java:38)
	at org.gradle.api.internal.tasks.testing.junit.AbstractJUnitTestClassProcessor.processTestClass(AbstractJUnitTestClassProcessor.java:62)
	at org.gradle.api.internal.tasks.testing.SuiteTestClassProcessor.processTestClass(SuiteTestClassProcessor.java:51)
	at java.base/jdk.internal.reflect.NativeMethodAccessorImpl.invoke0(Native Method)
	at java.base/jdk.internal.reflect.NativeMethodAccessorImpl.invoke(NativeMethodAccessorImpl.java:62)
	at java.base/jdk.internal.reflect.DelegatingMethodAccessorImpl.invoke(DelegatingMethodAccessorImpl.java:43)
	at java.base/java.lang.reflect.Method.invoke(Method.java:566)
	at org.gradle.internal.dispatch.ReflectionDispatch.dispatch(ReflectionDispatch.java:36)
	at org.gradle.internal.dispatch.ReflectionDispatch.dispatch(ReflectionDispatch.java:24)
	at org.gradle.internal.dispatch.ContextClassLoaderDispatch.dispatch(ContextClassLoaderDispatch.java:33)
	at org.gradle.internal.dispatch.ProxyDispatchAdapter$DispatchingInvocationHandler.invoke(ProxyDispatchAdapter.java:94)
	at com.sun.proxy.$Proxy2.processTestClass(Unknown Source)
	at org.gradle.api.internal.tasks.testing.worker.TestWorker.processTestClass(TestWorker.java:119)
	at java.base/jdk.internal.reflect.NativeMethodAccessorImpl.invoke0(Native Method)
	at java.base/jdk.internal.reflect.NativeMethodAccessorImpl.invoke(NativeMethodAccessorImpl.java:62)
	at java.base/jdk.internal.reflect.DelegatingMethodAccessorImpl.invoke(DelegatingMethodAccessorImpl.java:43)
	at java.base/java.lang.reflect.Method.invoke(Method.java:566)
	at org.gradle.internal.dispatch.ReflectionDispatch.dispatch(ReflectionDispatch.java:36)
	at org.gradle.internal.dispatch.ReflectionDispatch.dispatch(ReflectionDispatch.java:24)
	at org.gradle.internal.remote.internal.hub.MessageHubBackedObjectConnection$DispatchWrapper.dispatch(MessageHubBackedObjectConnection.java:182)
	at org.gradle.internal.remote.internal.hub.MessageHubBackedObjectConnection$DispatchWrapper.dispatch(MessageHubBackedObjectConnection.java:164)
	at org.gradle.internal.remote.internal.hub.MessageHub$Handler.run(MessageHub.java:414)
	at org.gradle.internal.concurrent.ExecutorPolicy$CatchAndRecordFailures.onExecute(ExecutorPolicy.java:64)
	at org.gradle.internal.concurrent.ManagedExecutorImpl$1.run(ManagedExecutorImpl.java:48)
	at java.base/java.util.concurrent.ThreadPoolExecutor.runWorker(ThreadPoolExecutor.java:1128)
	at java.base/java.util.concurrent.ThreadPoolExecutor$Worker.run(ThreadPoolExecutor.java:628)
	at org.gradle.internal.concurrent.ThreadFactoryImpl$ManagedThreadRunnable.run(ThreadFactoryImpl.java:56)
	at java.base/java.lang.Thread.run(Thread.java:829)
Caused by: java.lang.NoClassDefFoundError: javax/activation/FileTypeMap
	at org.springframework.mock.web.MockServletContext.getMimeType(MockServletContext.java:293)
	at org.springframework.web.accept.ServletPathExtensionContentNegotiationStrategy.handleNoMatch(ServletPathExtensionContentNegotiationStrategy.java:72)
	at org.springframework.web.accept.AbstractMappingContentNegotiationStrategy.resolveMediaTypeKey(AbstractMappingContentNegotiationStrategy.java:78)
	at org.springframework.web.accept.AbstractMappingContentNegotiationStrategy.resolveMediaTypes(AbstractMappingContentNegotiationStrategy.java:61)
	at org.springframework.boot.autoconfigure.web.WebMvcAutoConfiguration$OptionalPathExtensionContentNegotiationStrategy.resolveMediaTypes(WebMvcAutoConfiguration.java:600)
	at org.springframework.web.accept.ContentNegotiationManager.resolveMediaTypes(ContentNegotiationManager.java:123)
	at org.springframework.web.servlet.mvc.condition.ProducesRequestCondition.getAcceptedMediaTypes(ProducesRequestCondition.java:261)
	at org.springframework.web.servlet.mvc.condition.ProducesRequestCondition.getMatchingCondition(ProducesRequestCondition.java:194)
	at org.springframework.web.servlet.mvc.method.RequestMappingInfo.getMatchingCondition(RequestMappingInfo.java:214)
	at org.springframework.web.servlet.mvc.method.RequestMappingInfoHandlerMapping.getMatchingMapping(RequestMappingInfoHandlerMapping.java:94)
	at org.springframework.web.servlet.mvc.method.RequestMappingInfoHandlerMapping.getMatchingMapping(RequestMappingInfoHandlerMapping.java:58)
	at org.springframework.web.servlet.handler.AbstractHandlerMethodMapping.addMatchingMappings(AbstractHandlerMethodMapping.java:380)
	at org.springframework.web.servlet.handler.AbstractHandlerMethodMapping.lookupHandlerMethod(AbstractHandlerMethodMapping.java:347)
	at org.springframework.web.servlet.handler.AbstractHandlerMethodMapping.getHandlerInternal(AbstractHandlerMethodMapping.java:314)
	at org.springframework.web.servlet.handler.AbstractHandlerMethodMapping.getHandlerInternal(AbstractHandlerMethodMapping.java:61)
	at org.springframework.web.servlet.handler.AbstractHandlerMapping.getHandler(AbstractHandlerMapping.java:352)
	at org.springframework.web.servlet.DispatcherServlet.getHandler(DispatcherServlet.java:1160)
	at org.springframework.test.web.servlet.TestDispatcherServlet.getHandler(TestDispatcherServlet.java:90)
	at org.springframework.web.servlet.DispatcherServlet.doDispatch(DispatcherServlet.java:940)
	... 65 more
Caused by: java.lang.ClassNotFoundException: javax.activation.FileTypeMap
	at java.base/jdk.internal.loader.BuiltinClassLoader.loadClass(BuiltinClassLoader.java:581)
	at java.base/jdk.internal.loader.ClassLoaders$AppClassLoader.loadClass(ClassLoaders.java:178)
	at java.base/java.lang.ClassLoader.loadClass(ClassLoader.java:522)
	... 84 more
</failure>
  </testcase>
  <system-out><![CDATA[17:12:09.968 [Test worker] DEBUG org.springframework.test.context.junit4.SpringJUnit4ClassRunner - SpringJUnit4ClassRunner constructor called with [class com.db.awmd.challenge.TransferControllerTest]
17:12:09.976 [Test worker] DEBUG org.springframework.test.context.BootstrapUtils - Instantiating CacheAwareContextLoaderDelegate from class [org.springframework.test.context.cache.DefaultCacheAwareContextLoaderDelegate]
17:12:09.984 [Test worker] DEBUG org.springframework.test.context.BootstrapUtils - Instantiating BootstrapContext using constructor [public org.springframework.test.context.support.DefaultBootstrapContext(java.lang.Class,org.springframework.test.context.CacheAwareContextLoaderDelegate)]
17:12:09.992 [Test worker] DEBUG org.springframework.test.context.BootstrapUtils - Instantiating TestContextBootstrapper for test class [com.db.awmd.challenge.TransferControllerTest] from class [org.springframework.boot.test.context.SpringBootTestContextBootstrapper]
17:12:10.008 [Test worker] INFO org.springframework.boot.test.context.SpringBootTestContextBootstrapper - Neither @ContextConfiguration nor @ContextHierarchy found for test class [com.db.awmd.challenge.TransferControllerTest], using SpringBootContextLoader
17:12:10.008 [Test worker] DEBUG org.springframework.test.context.support.AbstractContextLoader - Did not detect default resource location for test class [com.db.awmd.challenge.TransferControllerTest]: class path resource [com/db/awmd/challenge/TransferControllerTest-context.xml] does not exist
17:12:10.008 [Test worker] DEBUG org.springframework.test.context.support.AbstractContextLoader - Did not detect default resource location for test class [com.db.awmd.challenge.TransferControllerTest]: class path resource [com/db/awmd/challenge/TransferControllerTestContext.groovy] does not exist
17:12:10.008 [Test worker] INFO org.springframework.test.context.support.AbstractContextLoader - Could not detect default resource locations for test class [com.db.awmd.challenge.TransferControllerTest]: no resource found for suffixes {-context.xml, Context.groovy}.
17:12:10.008 [Test worker] INFO org.springframework.test.context.support.AnnotationConfigContextLoaderUtils - Could not detect default configuration classes for test class [com.db.awmd.challenge.TransferControllerTest]: TransferControllerTest does not declare any static, non-private, non-final, nested classes annotated with @Configuration.
17:12:10.049 [Test worker] DEBUG org.springframework.test.context.support.ActiveProfilesUtils - Could not find an 'annotation declaring class' for annotation type [org.springframework.test.context.ActiveProfiles] and class [com.db.awmd.challenge.TransferControllerTest]
17:12:10.057 [Test worker] DEBUG org.springframework.core.env.StandardEnvironment - Adding [systemProperties] PropertySource with lowest search precedence
17:12:10.057 [Test worker] DEBUG org.springframework.core.env.StandardEnvironment - Adding [systemEnvironment] PropertySource with lowest search precedence
17:12:10.057 [Test worker] DEBUG org.springframework.core.env.StandardEnvironment - Initialized StandardEnvironment with PropertySources [systemProperties,systemEnvironment]
17:12:10.065 [Test worker] DEBUG org.springframework.core.io.support.PathMatchingResourcePatternResolver - Resolved classpath location [com/db/awmd/challenge/] to resources [URL [file:/C:/Users/shrof/Downloads/JavaCodechallenge%20(1)/challenge/build/classes/java/test/com/db/awmd/challenge/], URL [file:/C:/Users/shrof/Downloads/JavaCodechallenge%20(1)/challenge/build/classes/java/main/com/db/awmd/challenge/]]
17:12:10.065 [Test worker] DEBUG org.springframework.core.io.support.PathMatchingResourcePatternResolver - Looking for matching resources in directory tree [C:\Users\shrof\Downloads\JavaCodechallenge (1)\challenge\build\classes\java\test\com\db\awmd\challenge]
17:12:10.065 [Test worker] DEBUG org.springframework.core.io.support.PathMatchingResourcePatternResolver - Searching directory [C:\Users\shrof\Downloads\JavaCodechallenge (1)\challenge\build\classes\java\test\com\db\awmd\challenge] for files matching pattern [C:/Users/shrof/Downloads/JavaCodechallenge (1)/challenge/build/classes/java/test/com/db/awmd/challenge/*.class]
17:12:10.073 [Test worker] DEBUG org.springframework.core.io.support.PathMatchingResourcePatternResolver - Looking for matching resources in directory tree [C:\Users\shrof\Downloads\JavaCodechallenge (1)\challenge\build\classes\java\main\com\db\awmd\challenge]
17:12:10.073 [Test worker] DEBUG org.springframework.core.io.support.PathMatchingResourcePatternResolver - Searching directory [C:\Users\shrof\Downloads\JavaCodechallenge (1)\challenge\build\classes\java\main\com\db\awmd\challenge] for files matching pattern [C:/Users/shrof/Downloads/JavaCodechallenge (1)/challenge/build/classes/java/main/com/db/awmd/challenge/*.class]
17:12:10.073 [Test worker] DEBUG org.springframework.core.io.support.PathMatchingResourcePatternResolver - Resolved location pattern [classpath*:com/db/awmd/challenge/*.class] to resources [file [C:\Users\shrof\Downloads\JavaCodechallenge (1)\challenge\build\classes\java\test\com\db\awmd\challenge\AccountsControllerTest.class], file [C:\Users\shrof\Downloads\JavaCodechallenge (1)\challenge\build\classes\java\test\com\db\awmd\challenge\AccountsServiceTest.class], file [C:\Users\shrof\Downloads\JavaCodechallenge (1)\challenge\build\classes\java\test\com\db\awmd\challenge\TransactionServiceTest.class], file [C:\Users\shrof\Downloads\JavaCodechallenge (1)\challenge\build\classes\java\test\com\db\awmd\challenge\TransferControllerTest.class], file [C:\Users\shrof\Downloads\JavaCodechallenge (1)\challenge\build\classes\java\main\com\db\awmd\challenge\DevChallengeApplication.class]]
17:12:10.113 [Test worker] DEBUG org.springframework.context.annotation.ClassPathScanningCandidateComponentProvider - Identified candidate component class: file [C:\Users\shrof\Downloads\JavaCodechallenge (1)\challenge\build\classes\java\main\com\db\awmd\challenge\DevChallengeApplication.class]
17:12:10.113 [Test worker] INFO org.springframework.boot.test.context.SpringBootTestContextBootstrapper - Found @SpringBootConfiguration com.db.awmd.challenge.DevChallengeApplication for test class com.db.awmd.challenge.TransferControllerTest
17:12:10.113 [Test worker] DEBUG org.springframework.boot.test.context.SpringBootTestContextBootstrapper - @TestExecutionListeners is not present for class [com.db.awmd.challenge.TransferControllerTest]: using defaults.
17:12:10.123 [Test worker] INFO org.springframework.boot.test.context.SpringBootTestContextBootstrapper - Loaded default TestExecutionListener class names from location [META-INF/spring.factories]: [org.springframework.boot.test.autoconfigure.restdocs.RestDocsTestExecutionListener, org.springframework.boot.test.autoconfigure.web.client.MockRestServiceServerResetTestExecutionListener, org.springframework.boot.test.autoconfigure.web.servlet.MockMvcPrintOnlyOnFailureTestExecutionListener, org.springframework.boot.test.autoconfigure.web.servlet.WebDriverTestExecutionListener, org.springframework.boot.test.mock.mockito.MockitoTestExecutionListener, org.springframework.boot.test.mock.mockito.ResetMocksTestExecutionListener, org.springframework.test.context.web.ServletTestExecutionListener, org.springframework.test.context.support.DirtiesContextBeforeModesTestExecutionListener, org.springframework.test.context.support.DependencyInjectionTestExecutionListener, org.springframework.test.context.support.DirtiesContextTestExecutionListener, org.springframework.test.context.transaction.TransactionalTestExecutionListener, org.springframework.test.context.jdbc.SqlScriptsTestExecutionListener]
17:12:10.128 [Test worker] INFO org.springframework.boot.test.context.SpringBootTestContextBootstrapper - Could not instantiate TestExecutionListener [org.springframework.test.context.transaction.TransactionalTestExecutionListener]. Specify custom listener classes or make the default listener classes (and their required dependencies) available. Offending class: [org/springframework/transaction/interceptor/TransactionAttributeSource]
17:12:10.128 [Test worker] INFO org.springframework.boot.test.context.SpringBootTestContextBootstrapper - Could not instantiate TestExecutionListener [org.springframework.test.context.jdbc.SqlScriptsTestExecutionListener]. Specify custom listener classes or make the default listener classes (and their required dependencies) available. Offending class: [org/springframework/transaction/interceptor/TransactionAttribute]
17:12:10.136 [Test worker] INFO org.springframework.boot.test.context.SpringBootTestContextBootstrapper - Using TestExecutionListeners: [org.springframework.test.context.web.ServletTestExecutionListener@2cda59b8, org.springframework.test.context.support.DirtiesContextBeforeModesTestExecutionListener@14488839, org.springframework.boot.test.autoconfigure.SpringBootDependencyInjectionTestExecutionListener@5b7fd3a5, org.springframework.test.context.support.DirtiesContextTestExecutionListener@56cca721, org.springframework.boot.test.autoconfigure.restdocs.RestDocsTestExecutionListener@28a523d9, org.springframework.boot.test.autoconfigure.web.servlet.MockMvcPrintOnlyOnFailureTestExecutionListener@787c6fb4, org.springframework.boot.test.autoconfigure.web.client.MockRestServiceServerResetTestExecutionListener@5dbb69e5, org.springframework.boot.test.mock.mockito.ResetMocksTestExecutionListener@6e7d28dc, org.springframework.boot.test.autoconfigure.web.servlet.WebDriverTestExecutionListener@6fc76521, org.springframework.boot.test.mock.mockito.MockitoTestExecutionListener@74ddb6a2]
17:12:10.136 [Test worker] DEBUG org.springframework.test.annotation.ProfileValueUtils - Retrieved @ProfileValueSourceConfiguration [null] for test class [com.db.awmd.challenge.TransferControllerTest]
17:12:10.136 [Test worker] DEBUG org.springframework.test.annotation.ProfileValueUtils - Retrieved ProfileValueSource type [class org.springframework.test.annotation.SystemProfileValueSource] for class [com.db.awmd.challenge.TransferControllerTest]
17:12:10.144 [Test worker] DEBUG org.springframework.test.annotation.ProfileValueUtils - Retrieved @ProfileValueSourceConfiguration [null] for test class [com.db.awmd.challenge.TransferControllerTest]
17:12:10.144 [Test worker] DEBUG org.springframework.test.annotation.ProfileValueUtils - Retrieved ProfileValueSource type [class org.springframework.test.annotation.SystemProfileValueSource] for class [com.db.awmd.challenge.TransferControllerTest]
17:12:10.144 [Test worker] DEBUG org.springframework.test.annotation.ProfileValueUtils - Retrieved @ProfileValueSourceConfiguration [null] for test class [com.db.awmd.challenge.TransferControllerTest]
17:12:10.144 [Test worker] DEBUG org.springframework.test.annotation.ProfileValueUtils - Retrieved ProfileValueSource type [class org.springframework.test.annotation.SystemProfileValueSource] for class [com.db.awmd.challenge.TransferControllerTest]
17:12:10.144 [Test worker] DEBUG org.springframework.test.context.support.AbstractDirtiesContextTestExecutionListener - Before test class: context [DefaultTestContext@3b9cb7c8 testClass = TransferControllerTest, testInstance = [null], testMethod = [null], testException = [null], mergedContextConfiguration = [WebMergedContextConfiguration@17c1e4f6 testClass = TransferControllerTest, locations = '{}', classes = '{class com.db.awmd.challenge.DevChallengeApplication}', contextInitializerClasses = '[]', activeProfiles = '{}', propertySourceLocations = '{}', propertySourceProperties = '{org.springframework.boot.test.context.SpringBootTestContextBootstrapper=true}', contextCustomizers = set[org.springframework.boot.test.autoconfigure.properties.PropertyMappingContextCustomizer@0, org.springframework.boot.test.autoconfigure.web.servlet.WebDriverContextCustomizerFactory$Customizer@16cd26ba, org.springframework.boot.test.context.SpringBootTestContextCustomizer@18c6f807, org.springframework.boot.test.context.filter.ExcludeFilterContextCustomizer@1e124821, org.springframework.boot.test.json.DuplicateJsonObjectContextCustomizerFactory$DuplicateJsonObjectContextCustomizer@3cb5631b, org.springframework.boot.test.mock.mockito.MockitoContextCustomizer@0, org.springframework.test.context.web.socket.MockServerContainerContextCustomizer@3819307d], resourceBasePath = 'src/main/webapp', contextLoader = 'org.springframework.boot.test.context.SpringBootContextLoader', parent = [null]]], class annotated with @DirtiesContext [false] with mode [null].
17:12:10.152 [Test worker] DEBUG org.springframework.test.annotation.ProfileValueUtils - Retrieved @ProfileValueSourceConfiguration [null] for test class [com.db.awmd.challenge.TransferControllerTest]
17:12:10.152 [Test worker] DEBUG org.springframework.test.annotation.ProfileValueUtils - Retrieved ProfileValueSource type [class org.springframework.test.annotation.SystemProfileValueSource] for class [com.db.awmd.challenge.TransferControllerTest]
17:12:10.200 [Test worker] DEBUG org.springframework.core.env.StandardEnvironment - Adding [systemProperties] PropertySource with lowest search precedence
17:12:10.200 [Test worker] DEBUG org.springframework.core.env.StandardEnvironment - Adding [systemEnvironment] PropertySource with lowest search precedence
17:12:10.200 [Test worker] DEBUG org.springframework.core.env.StandardEnvironment - Initialized StandardEnvironment with PropertySources [systemProperties,systemEnvironment]
17:12:10.200 [Test worker] DEBUG org.springframework.core.env.MutablePropertySources - Adding [inline] PropertySource with highest search precedence
17:12:10.208 [Test worker] DEBUG org.springframework.test.context.support.TestPropertySourceUtils - Adding inlined properties to environment: {spring.jmx.enabled=false, org.springframework.boot.test.context.SpringBootTestContextBootstrapper=true, server.port=-1}
17:12:10.208 [Test worker] DEBUG org.springframework.core.env.StandardEnvironment - Adding [Inlined Test Properties] PropertySource with highest search precedence

  .   ____          _            __ _ _
 /\\ / ___'_ __ _ _(_)_ __  __ _ \ \ \ \
( ( )\___ | '_ | '_| | '_ \/ _` | \ \ \ \
 \\/  ___)| |_)| | | | | || (_| |  ) ) ) )
  '  |____| .__|_| |_|_| |_\__, | / / / /
 =========|_|==============|___/=/_/_/_/
 :: Spring Boot ::        (v1.5.4.RELEASE)

2021-04-25 17:12:10.503  INFO 9268 --- [    Test worker] c.d.a.challenge.TransferControllerTest   : Starting TransferControllerTest on NTS-PriyaShroff with PID 9268 (started by shrof in C:\Users\shrof\Downloads\JavaCodechallenge (1)\challenge)
2021-04-25 17:12:10.503  INFO 9268 --- [    Test worker] c.d.a.challenge.TransferControllerTest   : No active profile set, falling back to default profiles: default
2021-04-25 17:12:10.528  INFO 9268 --- [    Test worker] o.s.w.c.s.GenericWebApplicationContext   : Refreshing org.springframework.web.context.support.GenericWebApplicationContext@56a1d7bb: startup date [Sun Apr 25 17:12:10 IST 2021]; root of context hierarchy
2021-04-25 17:12:11.791  INFO 9268 --- [    Test worker] s.w.s.m.m.a.RequestMappingHandlerAdapter : Looking for @ControllerAdvice: org.springframework.web.context.support.GenericWebApplicationContext@56a1d7bb: startup date [Sun Apr 25 17:12:10 IST 2021]; root of context hierarchy
2021-04-25 17:12:11.862  INFO 9268 --- [    Test worker] s.w.s.m.m.a.RequestMappingHandlerMapping : Mapped "{[/v1/accounts],methods=[POST],consumes=[application/json]}" onto public org.springframework.http.ResponseEntity<java.lang.Object> com.db.awmd.challenge.web.AccountsController.createAccount(com.db.awmd.challenge.domain.Account)
2021-04-25 17:12:11.870  INFO 9268 --- [    Test worker] s.w.s.m.m.a.RequestMappingHandlerMapping : Mapped "{[/v1/accounts/{accountId}],methods=[GET]}" onto public com.db.awmd.challenge.domain.Account com.db.awmd.challenge.web.AccountsController.getAccount(java.lang.String)
2021-04-25 17:12:11.870  INFO 9268 --- [    Test worker] s.w.s.m.m.a.RequestMappingHandlerMapping : Mapped "{[/v1/transfer/{fromBankAccountId}/{toBankAccountId}/{amount}],methods=[GET]}" onto public org.springframework.http.ResponseEntity<java.lang.Object> com.db.awmd.challenge.web.TransferController.transfer(java.lang.String,java.lang.String,java.math.BigDecimal)
2021-04-25 17:12:11.874  INFO 9268 --- [    Test worker] s.w.s.m.m.a.RequestMappingHandlerMapping : Mapped "{[/error]}" onto public org.springframework.http.ResponseEntity<java.util.Map<java.lang.String, java.lang.Object>> org.springframework.boot.autoconfigure.web.BasicErrorController.error(javax.servlet.http.HttpServletRequest)
2021-04-25 17:12:11.874  INFO 9268 --- [    Test worker] s.w.s.m.m.a.RequestMappingHandlerMapping : Mapped "{[/error],produces=[text/html]}" onto public org.springframework.web.servlet.ModelAndView org.springframework.boot.autoconfigure.web.BasicErrorController.errorHtml(javax.servlet.http.HttpServletRequest,javax.servlet.http.HttpServletResponse)
2021-04-25 17:12:11.902  INFO 9268 --- [    Test worker] o.s.w.s.handler.SimpleUrlHandlerMapping  : Mapped URL path [/webjars/**] onto handler of type [class org.springframework.web.servlet.resource.ResourceHttpRequestHandler]
2021-04-25 17:12:11.902  INFO 9268 --- [    Test worker] o.s.w.s.handler.SimpleUrlHandlerMapping  : Mapped URL path [/**] onto handler of type [class org.springframework.web.servlet.resource.ResourceHttpRequestHandler]
2021-04-25 17:12:11.933  INFO 9268 --- [    Test worker] o.s.w.s.handler.SimpleUrlHandlerMapping  : Mapped URL path [/**/favicon.ico] onto handler of type [class org.springframework.web.servlet.resource.ResourceHttpRequestHandler]
2021-04-25 17:12:12.069  INFO 9268 --- [    Test worker] c.d.a.challenge.TransferControllerTest   : Started TransferControllerTest in 1.853 seconds (JVM running for 2.709)
2021-04-25 17:12:12.111  INFO 9268 --- [    Test worker] o.s.b.t.m.w.SpringBootMockServletContext : Initializing Spring FrameworkServlet ''
2021-04-25 17:12:12.111  INFO 9268 --- [    Test worker] o.s.t.web.servlet.TestDispatcherServlet  : FrameworkServlet '': initialization started
2021-04-25 17:12:12.127  INFO 9268 --- [    Test worker] o.s.t.web.servlet.TestDispatcherServlet  : FrameworkServlet '': initialization completed in 16 ms
]]></system-out>
  <system-err><![CDATA[]]></system-err>
</testsuite>
